[General Information]
Name: Defeat Frieza!
Saga: Frieza Saga

[Rewards]
> Acquired Z-Points (from Easy to Hard)
1000
1500
2000
> Acquired Z-Items
null
null
null
> Acquired Maps
null
null
null
> Acquired Characters
null
null
null
> Acquired Scenarios
Legendary Super Saiyan
null
null

[Battle Settings]
Map: Planet Namek
BGM: Battalion Unchained

[Player 1 Team]
> Teammate 1
Character: Goku (Mid)
Costume: 1
Damaged: false
COM Difficulty Level: 0
Strategy Z-Item: Goku Type
Initial Health: 100%
Z-Item #1: Master Roshi's Training
Z-Item #2: null
Z-Item #3: null
Z-Item #4: null
Z-Item #5: null
Z-Item #6: Dragon Crush
Z-Item #7: Vanishing Rush

> Teammate 2
Character: Vegeta (Scouter)
Costume: 3
Damaged: true
COM Difficulty Level: 0
Strategy Z-Item: Goku Type
Initial Health: 100%
Z-Item #1: null
Z-Item #2: null
Z-Item #3: null
Z-Item #4: null
Z-Item #5: null
Z-Item #6: null
Z-Item #7: null

> Teammate 3
Character: Piccolo (Early)
Costume: 1
Damaged: true
COM Difficulty Level: 0
Strategy Z-Item: Goku Type
Initial Health: 100%
Z-Item #1: Defense -16
Z-Item #2: Attack -10
Z-Item #3: null
Z-Item #4: null
Z-Item #5: null
Z-Item #6: Dragon Crush
Z-Item #7: Vanishing Rush

[Opponent Team]
> Teammate 1
Character: Frieza - Final Form
Costume: 1
Damaged: false
COM Difficulty Level: 8
Strategy Z-Item: Frieza Type
Initial Health: 100%
Z-Item #1: Attack +15
Z-Item #2: Defense +45
Z-Item #3: Whis Training
Z-Item #4: null
Z-Item #5: null
Z-Item #6: Dragon Crush
Z-Item #7: Vanishing Rush

> Results
Teammate Count (Player 1): 3
Teammate Count (Opponent): 1

[Scene 0]

===Battle Info===
Condition: Win via K.O. (Opponent)
> GSAC ID: 40
Condition: Wait 40 seconds
> GSAC ID: 1
Condition: Win via K.O.
> GSAC ID: 31
Event:     Battle Finish

[Scene 1]

===Battle Info===
Condition: Immediate
> GSAC ID: 9
[Changes to Player 1 detected.]
> Set current Health to -20%
> Apply changes to Teammate 2
Event:     Switch with Teammate #2
Character: Vegeta (Scouter)

[Scene 9]

===Battle Info===
Condition: Win via K.O. (Opponent)
> GSAC ID: 2
Condition: Win via K.O.
> GSAC ID: 30
[Changes to Opponent detected.]
> Z-Item #7: Go To Hell
Event:     Trigger 1st Blast 2 (Opponent) [AUTO]

[Scene 2]

===Battle Info===
Condition: Immediate
> GSAC ID: 3
[Changes to Player 1 detected.]
> Add 100% more Health
> Apply changes to Teammate 1
[Changes to Opponent detected.]
> Add 100% more Health
> Z-Item #7: null
Event:     Switch with Teammate #1
Character: Goku (Mid)

[Scene 3]

===Battle Info===
Condition: Wait 50 seconds
> GSAC ID: 4
Condition: Win via K.O.
> GSAC ID: 31
Condition: Win via K.O. (Opponent)
> GSAC ID: 41
[Changes to Player 1 detected.]
> Add 100% more Health
Event:     Battle Finish

[Scene 4]

===Battle Info===
Condition: Wait 50 seconds
> GSAC ID: 5
Condition: Win via K.O. (Opponent)
> GSAC ID: 42
Condition: Win via K.O.
> GSAC ID: 31
Event:     Aerial Clash

[Scene 5]

===Battle Info===
Condition: Immediate
> GSAC ID: 10
[Changes to Player 1 detected.]
> Apply changes to Teammate 3
Event:     Switch with Teammate #3
Character: Piccolo (Early)

[Scene 10]

===Battle Info===
Condition: Wait 50 seconds
> GSAC ID: 6
Condition: Win via K.O.
> GSAC ID: 32
Condition: Win via K.O. (Opponent)
> GSAC ID: 43
[Changes to Player 1 detected.]
> Apply changes to Teammate 3
Event:     Switch with Teammate #3
Character: Piccolo (Early)

[Scene 6]

===Battle Info===
Condition: Win via K.O.
> GSAC ID: 34
Condition: Win via K.O. (Opponent)
> GSAC ID: 44
Condition: Wait 15 seconds
> GSAC ID: 8
[Changes to Player 1 detected.]
> Apply changes to Teammate 1
Event:     Switch with Teammate #1
Character: Goku (Mid)

[Scene 7 - UNUSED]

===Battle Info===
Condition: Win via K.O.
> GSAC ID: 35
Condition: Win via K.O. (Opponent)
> GSAC ID: 45
Event:     Battle Finish

[Scene 8]
Lower Current BG Music
BG Music:  Heat Capacity (UT)

===Battle Info===
Condition: Win via K.O. (Opponent)
> GSAC ID: 45
Condition: Win via K.O.
> GSAC ID: 33
[Changes to Player 1 detected.]
> Z-Item #7: Go To Hell
Event:     Trigger Ultimate Blast

[Scene 30 (Victory)]

===No Battle Info===

[Scene 31 (Victory)]

===No Battle Info===

[Scene 32 (Victory) - UNUSED]

===No Battle Info===

[Scene 33 (Victory)]

===No Battle Info===

[Scene 34 (Victory)]

===No Battle Info===

[Scene 35 (Victory)]

===No Battle Info===

[Scene 40 (Defeat)]

===No Battle Info===

[Scene 41 (Defeat)]

===No Battle Info===

[Scene 42 (Defeat)]

===No Battle Info===

[Scene 43 (Defeat)]

===No Battle Info===

[Scene 44 (Defeat)]

===No Battle Info===

[Scene 45 (Defeat)]

===No Battle Info===

[Scene 49 (Placeholder Defeat) - UNUSED]

===No Battle Info===

[Scene 39 (Placeholder Victory) - UNUSED]

===No Battle Info===
