[General Information]
Name: The Super Saiyan God
Saga: Dragon Ball Super Saga

[Rewards]
> Acquired Z-Points (from Easy to Hard)
1000
1500
2000
> Acquired Z-Items
null
null
null
> Acquired Maps
null
null
null
> Acquired Characters
SSG Goku
null
null
> Acquired Scenarios
The Battle of Gods
null
null

[Battle Settings]
Map: Islands
BGM: Stand After Confusion

[Player 1 Team]
> Teammate 1
Character: SSG Goku
Costume: 4
Damaged: false
COM Difficulty Level: 0
Strategy Z-Item: Goku Type
Initial Health: 100%
Z-Item #1: Whis Training
Z-Item #2: Attack +4
Z-Item #3: null
Z-Item #4: null
Z-Item #5: null
Z-Item #6: null
Z-Item #7: null

[Opponent Team]
> Teammate 1
Character: Beerus
Costume: 1
Damaged: false
COM Difficulty Level: 0
Strategy Z-Item: Goku Type
Initial Health: 100%
Z-Item #1: Whis Training
Z-Item #2: Attack +4
Z-Item #3: null
Z-Item #4: null
Z-Item #5: null
Z-Item #6: null
Z-Item #7: null

> Results
Teammate Count (Player 1): 1
Teammate Count (Opponent): 1

[Scene 0]

===Battle Info===
Condition: Lose 3 Health Bars (Opponent) [AUTO]
> GSAC ID: 1
Condition: Win via K.O.
> GSAC ID: 1
Condition: Win via K.O. (Opponent)
> GSAC ID: 49
Event:     Battle Finish

[Scene 1]

===Battle Info===
Condition: Hit with 1st Blast 2
> GSAC ID: 2
Condition: Win via K.O.
> GSAC ID: 39
Condition: Win via K.O. (Opponent)
> GSAC ID: 49
[Changes to Opponent detected.]
> Add 100% more Health
Event:     Trigger 1st Blast 2

[Scene 2]
Lower Current BG Music
BG Music:  Rampaging Metalhead

===Battle Info===
Condition: Lose 2 Health Bars (Opponent) [AUTO]
> GSAC ID: 3
Condition: Win via K.O.
> GSAC ID: 39
Condition: Win via K.O. (Opponent)
> GSAC ID: 49
[Changes to Opponent detected.]
> Add 100% more Health
Event:     Aerial Clash (Opponent)

[Scene 3]
Lower Current BG Music
BG Music:  Perseverance

===Battle Info===
Condition: Lose 5 Health Bars (Opponent) [AUTO]
> GSAC ID: 4
Condition: Win via K.O.
> GSAC ID: 4
Condition: Win via K.O. (Opponent)
> GSAC ID: 49
Event:     Normal Clash (Opponent)

[Scene 4]

===Battle Info===
Condition: Lose 1 Health Bar (Opponent) [AUTO]
> GSAC ID: 5
Condition: Lose 1 Health Bar
> GSAC ID: 5
Condition: Win via K.O.
> GSAC ID: 39
Condition: Win via K.O. (Opponent)
> GSAC ID: 49
[Changes to Opponent detected.]
> Add 100% more Health
Event:     Beam Struggle between Player 1's 1st Blast 2 and COM's 1st Blast 2 (Opponent)

[Scene 5]
Lower Current BG Music
BG Music:  Power Scale

===Battle Info===
Condition: Lose 3 Health Bars (Opponent) [AUTO]
> GSAC ID: 6
Condition: Win via K.O.
> GSAC ID: 39
Condition: Win via K.O. (Opponent)
> GSAC ID: 49
[Changes to Player 1 detected.]
> Add 100% more Health
> Z-Item #7: Attack +50
[Changes to Opponent detected.]
> Add 100% more Health
Event:     Assign Transformation (Opponent) [AUTO]

[Scene 6]

===Battle Info===
Condition: Lose 6 Health Bars (Opponent) [AUTO]
> GSAC ID: 7
Condition: Win via K.O.
> GSAC ID: 39
Condition: Win via K.O. (Opponent)
> GSAC ID: 49
[Changes to Player 1 detected.]
> Z-Item #7: null
[Changes to Opponent detected.]
> Z-Item #7: Defense +30
Event:     Assign Transformation (Opponent) [AUTO]

[Scene 7]
Lower Current BG Music
BG Music:  The Heat

===Battle Info===
Condition: Lose 1 Health Bar (Opponent) [AUTO]
> GSAC ID: 8
Condition: Lose 1 Health Bar
> GSAC ID: 8
Condition: Win via K.O.
> GSAC ID: 39
Condition: Win via K.O. (Opponent)
> GSAC ID: 49
[Changes to Opponent detected.]
> Z-Item #7: null
> Add 100% more Health
Event:     Beam Struggle between Player 1's 1st Blast 2 and COM's 1st Blast 2 (Opponent)

[Scene 8]

===Battle Info===
Condition: Lose 4 Health Bars (Opponent) [AUTO]
> GSAC ID: 9
Condition: Win via K.O.
> GSAC ID: 9
Condition: Win via K.O. (Opponent)
> GSAC ID: 49
Event:     Assign Transformation (Opponent) [AUTO]

[Scene 9]
Lower Current BG Music
BG Music:  Greatest Tactics in the Universe

===Battle Info===
Condition: Win via K.O.
> GSAC ID: 10
Condition: Win via K.O. (Opponent)
> GSAC ID: 49
[Changes to Opponent detected.]
> Add 100% more Health
> Z-Item #7: Go To Hell
Event:     Beam Struggle between Player 1's 1st Blast 2 and COM's 1st Blast 2 (Opponent)

[Scene 10]

===Battle Info===
Condition: Hit with 1st Blast 2
> GSAC ID: 11
Condition: Win via K.O.
> GSAC ID: 39
Condition: Win via K.O. (Opponent)
> GSAC ID: 49
[Changes to Opponent detected.]
> Add 100% more Health
Event:     Trigger 1st Blast 2

[Scene 11]
Lower Current BG Music
BG Music:  Crisis

===Battle Info===
Condition: Win via K.O.
> GSAC ID: 39
Condition: Win via K.O. (Opponent)
> GSAC ID: 30
Event:     Trigger 2nd Blast 2 (Opponent) [AUTO]

[Scene 30 (Victory)]
Lower Current BG Music
Lower Current BG Music
BG Music:  Fly High

===Battle Info===
Condition: Win via K.O.
> GSAC ID: 39
Condition: Win via K.O. (Opponent)
> GSAC ID: 49

[Scene 39 (Placeholder Victory)]

===No Battle Info===

[Scene 49 (Placeholder Defeat)]

===No Battle Info===
