[General Information]
Name: Fusion Reborn! Goku and Vegeta
Saga: Special Saga

[Rewards]
> Acquired Z-Points (from Easy to Hard)
2000
2500
3000
> Acquired Z-Items
null
null
null
> Acquired Maps
Hell
null
null
> Acquired Characters
Super Janemba
Super Gogeta
SSB Gogeta
> Acquired Scenarios
null
null
null

[Battle Settings]
Map: Hell
BGM: Joker

[Player 1 Team]
> Teammate 1
Character: SS1 Goku (End)
Costume: 1
Damaged: false
COM Difficulty Level: 0
Strategy Z-Item: Goku Type
Initial Health: 100%
Z-Item #1: Master Roshi's Training
Z-Item #2: null
Z-Item #3: null
Z-Item #4: null
Z-Item #5: Halo
Z-Item #6: Dragon Crush
Z-Item #7: Vanishing Rush

> Teammate 2
Character: Vegeta
Costume: 2
Damaged: false
COM Difficulty Level: 0
Strategy Z-Item: Goku Type
Initial Health: 100%
Z-Item #1: Master Roshi's Training
Z-Item #2: null
Z-Item #3: null
Z-Item #4: null
Z-Item #5: Halo
Z-Item #6: Dragon Crush
Z-Item #7: Vanishing Rush

> Teammate 3
Character: Goku (End)
Costume: 1
Damaged: false
COM Difficulty Level: 0
Strategy Z-Item: Goku Type
Initial Health: 100%
Z-Item #1: null
Z-Item #2: null
Z-Item #3: null
Z-Item #4: null
Z-Item #5: null
Z-Item #6: null
Z-Item #7: null

[Opponent Team]
> Teammate 1
Character: Janemba
Costume: 1
Damaged: false
COM Difficulty Level: 9
Strategy Z-Item: Chiaotzu Type
Initial Health: 100%
Z-Item #1: King Kai's Training
Z-Item #2: Attack +15
Z-Item #3: Defense +15
Z-Item #4: null
Z-Item #5: null
Z-Item #6: null
Z-Item #7: null

> Results
Teammate Count (Player 1): 3
Teammate Count (Opponent): 1

[Scene 0]

===Battle Info===
Condition: Lose 2 Health Bars
> GSAC ID: 1
Condition: Win via K.O.
> GSAC ID: 30
Condition: Win via K.O. (Opponent)
> GSAC ID: 49
Event:     Battle Finish

[Scene 1]

===Battle Info===
Condition: Wait 20 seconds
> GSAC ID: 2
Condition: Win via K.O.
> GSAC ID: 30
Condition: Win via K.O. (Opponent)
> GSAC ID: 40
Event:     Battle Finish

[Scene 2]

===Battle Info===
Condition: Immediate
> GSAC ID: 3
Condition: Win via K.O.
> GSAC ID: 39
Condition: Win via K.O. (Opponent)
> GSAC ID: 49
Event:     Assign Transformation
Character: SS3 Goku (End)

[Scene 3]

===Battle Info===
Condition: Win via K.O.
> GSAC ID: 4
Condition: Win via K.O. (Opponent)
> GSAC ID: 40
[Changes to Player 1 detected.]
> Add 100% more Health
> Z-Item #1: King Kai's Training
> Z-Item #2: Ultimate Warrior 2
> Z-Item #3: Fighting Spirit!
[Changes to Opponent detected.]
> Set COM Difficulty Level to 5
> Z-Item #2: null
> Z-Item #3: null
> Z-Item #4: null
> Z-Item #5: null
> Z-Item #6: null
> Z-Item #7: null
Event:     Battle Finish

[Scene 4]
Lower Current BG Music
BG Music:  Force Of Justice

===Battle Info===
Condition: Immediate
> GSAC ID: 5

[Scene 5]

===Battle Info===
Condition: Wait 40 seconds
> GSAC ID: 9
Condition: Win via K.O.
> GSAC ID: 32
Condition: Win via K.O. (Opponent)
> GSAC ID: 41
[Changes to Player 1 detected.]
> Add 100% more Health
[Changes to Opponent detected.]
> Add 100% more Health
> Z-Item #1: Ultimate Body
> Z-Item #2: Whis Training
> Z-Item #3: Defense +30
> Z-Item #4: Attack +20
> Z-Item #5: Vanishing Rush
Event:     Battle Finish

[Scene 9]

===Battle Info===
Condition: Wait 30 seconds
> GSAC ID: 6
Condition: Win via K.O.
> GSAC ID: 32
Condition: Win via K.O. (Opponent)
> GSAC ID: 41
Event:     Assign Transformation
Character: Goku (End)

[Scene 6]

===Battle Info===
Condition: Immediate
> GSAC ID: 7
[Changes to Player 1 detected.]
> Apply changes to Teammate 2
Event:     Switch with Teammate #2
Character: SSR Goku Black

[Scene 7]

===Battle Info===
Condition: Win via K.O.
> GSAC ID: 33
Condition: Win via K.O. (Opponent)
> GSAC ID: 42
Condition: Wait 80 seconds
> GSAC ID: 11
[Changes to Player 1 detected.]
> Add 100% more Health
Event:     Battle Finish

[Scene 11]
Lower Current BG Music
BG Music:  Battle of Omega

===Battle Info===
Condition: Win via K.O.
> GSAC ID: 34
Condition: Win via K.O. (Opponent)
> GSAC ID: 43
[Changes to Player 1 detected.]
> Add 100% more Health
> Add 100% more Ki
> Z-Item #1: King Kai's Training
> Z-Item #2: Ultimate Warrior 1
> Z-Item #3: Attack +10
> Z-Item #4: Defense +10
[Changes to Opponent detected.]
> Set COM Difficulty Level to 7
> Z-Item #1: null
> Z-Item #2: Whis Training
> Z-Item #3: Blast Clash Weakened (Small)
> Z-Item #4: null
> Z-Item #5: null
> Z-Item #6: null
> Z-Item #7: null
Event:     Assign Fusion
Character: Super Gogeta

[Scene 30 (Victory)]

===No Battle Info===

[Scene 31 (Victory) - UNUSED]

===No Battle Info===

[Scene 32 (Victory)]

===No Battle Info===

[Scene 33 (Victory)]

===No Battle Info===

[Scene 34 (Victory)]

===No Battle Info===

[Scene 39 (Placeholder Victory)]

===No Battle Info===

[Scene 40 (Defeat)]

===No Battle Info===

[Scene 41 (Defeat) - UNUSED]

===No Battle Info===

[Scene 42 (Defeat)]

===No Battle Info===

[Scene 43 (Defeat)]

===No Battle Info===

[Scene 44 (Defeat) - UNUSED]

===No Battle Info===

[Scene 8 - UNUSED]

===Battle Info===
Condition: Wait 20 seconds
> GSAC ID: 9
Condition: Win via K.O.
> GSAC ID: 32
Condition: Win via K.O. (Opponent)
> GSAC ID: 41
[Changes to Player 1 detected.]
> Apply changes to Teammate 1
Event:     Switch with Teammate #1
Character: SS3 Goku (End)

[Scene 10 - UNUSED]

===Battle Info===
Condition: Wait 60 seconds
> GSAC ID: 11
Condition: Win via K.O.
> GSAC ID: 32
Condition: Win via K.O. (Opponent)
> GSAC ID: 41
[Changes to Player 1 detected.]
> Set current Health to 100%
[Changes to Opponent detected.]
> Set current Health to 100%
> Add 100% more Ki
Event:     Battle Finish

[Scene 12 - UNUSED]

===Battle Info===
Condition: Immediate
> GSAC ID: 34
[Changes to Opponent detected.]
> Set current Health to 100%
Event:     Assign Transformation
Character: Goku (Mid)

[Scene 49 (Placeholder Defeat)]

===No Battle Info===
