[General Information]
Name: Vegeta's Curiosity
Saga: Android Saga

[Rewards]
> Acquired Z-Points (from Easy to Hard)
1000
1500
2000
> Acquired Z-Items
null
null
null
> Acquired Maps
null
null
null
> Acquired Characters
SS1 Trunks
null
null
> Acquired Scenarios
Perfect Body
null
null

[Battle Settings]
Map: Islands
BGM: Fate Scrapes

[Player 1 Team]
> Teammate 1
Character: Cell - Semiperfect
Costume: 3
Damaged: false
COM Difficulty Level: 0
Strategy Z-Item: Goku Type
Initial Health: 100%
Z-Item #1: Attack +10
Z-Item #2: Defense +8
Z-Item #3: King Kai's Training
Z-Item #4: null
Z-Item #5: null
Z-Item #6: Dragon Crush
Z-Item #7: Vanishing Rush

> Teammate 2
Character: Super Vegeta
Costume: 1
Damaged: false
COM Difficulty Level: 0
Strategy Z-Item: Goku Type
Initial Health: 100%
Z-Item #1: Attack +20
Z-Item #2: Defense +20
Z-Item #3: King Kai's Training
Z-Item #4: null
Z-Item #5: null
Z-Item #6: Dragon Crush
Z-Item #7: Vanishing Rush

[Opponent Team]
> Teammate 1
Character: Android #16
Costume: 1
Damaged: true
COM Difficulty Level: 3
Strategy Z-Item: Goku Type
Initial Health: 100%
Z-Item #1: Master Roshi's Training
Z-Item #2: Attack -5
Z-Item #3: Defense -5
Z-Item #4: null
Z-Item #5: null
Z-Item #6: null
Z-Item #7: null

> Teammate 2
Character: SS1 Trunks
Costume: 1
Damaged: false
COM Difficulty Level: 7
Strategy Z-Item: Trunks Type
Initial Health: 100%
Z-Item #1: Attack +20
Z-Item #2: Defense +20
Z-Item #3: King Kai's Training
Z-Item #4: null
Z-Item #5: null
Z-Item #6: Dragon Break
Z-Item #7: Vanishing Break

> Teammate 3
Character: Android #18
Costume: 3
Damaged: false
COM Difficulty Level: 3
Strategy Z-Item: Gohan Type
Initial Health: 100%
Z-Item #1: Master Roshi's Training
Z-Item #2: null
Z-Item #3: null
Z-Item #4: null
Z-Item #5: null
Z-Item #6: null
Z-Item #7: null

> Teammate 4
Character: Krillin
Costume: 1
Damaged: false
COM Difficulty Level: 0
Strategy Z-Item: Goku Type
Initial Health: 100%
Z-Item #1: null
Z-Item #2: null
Z-Item #3: null
Z-Item #4: null
Z-Item #5: null
Z-Item #6: null
Z-Item #7: null

> Results
Teammate Count (Player 1): 2
Teammate Count (Opponent): 4

[Scene 0]

===Battle Info===
Condition: Win via K.O.
> GSAC ID: 1
Condition: Win via K.O. (Opponent)
> GSAC ID: 40
Event:     Battle Finish

[Scene 1]

===Battle Info===
Condition: Win via K.O.
> GSAC ID: 6
Condition: Win via K.O. (Opponent)
> GSAC ID: 41
Condition: Wait 15 seconds
> GSAC ID: 2
[Changes to Opponent detected.]
> Apply changes to Teammate 2
Event:     Switch with Teammate #2 (Opponent) [AUTO]
Character: SS1 Trunks

[Scene 2]

===Battle Info===
Condition: Immediate
> GSAC ID: 8
[Changes to Player 1 detected.]
> Apply changes to Teammate 2
Event:     Switch with Teammate #2
Character: Super Vegeta

[Scene 8]

===Battle Info===
Condition: Win via K.O.
> GSAC ID: 4
Condition: Win via K.O. (Opponent)
> GSAC ID: 42
Condition: Fall into ground/water (Opponent) [AUTO]
> GSAC ID: 3
Event:     Battle Finish

[Scene 3]

===Battle Info===
Condition: Win via K.O.
> GSAC ID: 4
Condition: Win via K.O. (Opponent)
> GSAC ID: 42
Event:     Battle Finish

[Scene 4]

===Battle Info===
Condition: Immediate
> GSAC ID: 5
Condition: Win via K.O. (Opponent)
> GSAC ID: 5
[Changes to Opponent detected.]
> Apply changes to Teammate 3
Event:     Switch with Teammate #3 (Opponent) [AUTO]
Character: Android #18

[Scene 5]

===Battle Info===
Condition: Lose 3 Health Bars (Opponent) [AUTO]
> GSAC ID: 9
Condition: Win via K.O. (Opponent)
> GSAC ID: 43
Condition: Win via K.O.
> GSAC ID: 30
[Changes to Player 1 detected.]
> Apply changes to Teammate 1
Event:     Switch with Teammate #1
Character: Cell - Semiperfect

[Scene 6]

===Battle Info===
Condition: Lose 3 Health Bars (Opponent) [AUTO]
> GSAC ID: 9
Condition: Win via K.O. (Opponent)
> GSAC ID: 43
Condition: Win via K.O.
> GSAC ID: 30
[Changes to Opponent detected.]
> Apply changes to Teammate 3
Event:     Switch with Teammate #3 (Opponent) [AUTO]
Character: Android #18

[Scene 9]

===Battle Info===
Condition: Immediate
> GSAC ID: 10
Condition: Win via K.O.
> GSAC ID: 32
Condition: Win via K.O. (Opponent)
> GSAC ID: 44
[Changes to Opponent detected.]
> Set current Health to -30%
> Apply changes to Teammate 4
Event:     Switch with Teammate #4 (Opponent) [AUTO]
Character: Krillin

[Scene 10]
Lower Current BG Music
BG Music:  High And Scream

===Battle Info===
Condition: Win via K.O.
> GSAC ID: 31
Condition: Win via K.O. (Opponent)
> GSAC ID: 44
[Changes to Player 1 detected.]
> Add 100% more Health
> Z-Item #1: Attack +50
> Z-Item #2: Defense +50
> Z-Item #3: Whis Training
> Z-Item #4: Ultimate Warrior 3
> Z-Item #5: null
> Z-Item #6: Dragon Crush
> Z-Item #7: Vanishing Rush
[Changes to Opponent detected.]
> Z-Item #2: Defense -25
> Z-Item #3: Attack -25
> Z-Item #4: null
> Z-Item #5: null
> Z-Item #6: null
> Z-Item #7: null
Event:     Assign Transformation
Character: Cell - Perfect

[Scene 30 (Victory)]

===No Battle Info===

[Scene 31 (Victory)]

===No Battle Info===

[Scene 32 (Victory)]

===No Battle Info===

[Scene 40 (Defeat)]

===No Battle Info===

[Scene 41 (Defeat)]

===No Battle Info===

[Scene 42 (Defeat)]

===No Battle Info===

[Scene 43 (Defeat)]

===No Battle Info===

[Scene 44 (Defeat)]

===No Battle Info===
