[General Information]
Name: Common Enemy
Saga: Saiyan Saga

[Rewards]
> Acquired Z-Points (from Easy to Hard)
500
1000
1500
> Acquired Z-Items
null
null
null
> Acquired Maps
null
null
null
> Acquired Characters
null
null
null
> Acquired Scenarios
Goku's Quiet Rage
null
null

[Battle Settings]
Map: Wasteland - Noon
BGM: Greatest Tactics in the Universe

[Player 1 Team]
> Teammate 1
Character: Goku (Early)
Costume: 3
Damaged: false
COM Difficulty Level: 0
Strategy Z-Item: Goku Type
Initial Health: 100%
Z-Item #1: null
Z-Item #2: null
Z-Item #3: null
Z-Item #4: null
Z-Item #5: null
Z-Item #6: null
Z-Item #7: null

> Teammate 2
Character: Piccolo (Early)
Costume: 1
Damaged: false
COM Difficulty Level: 0
Strategy Z-Item: Goku Type
Initial Health: 100%
Z-Item #1: null
Z-Item #2: null
Z-Item #3: null
Z-Item #4: null
Z-Item #5: null
Z-Item #6: null
Z-Item #7: null

[Opponent Team]
> Teammate 1
Character: Raditz
Costume: 1
Damaged: false
COM Difficulty Level: 4
Strategy Z-Item: Broly Type
Initial Health: 100%
Z-Item #1: null
Z-Item #2: Defense +30
Z-Item #3: King Kai's Training
Z-Item #4: Dragon Break
Z-Item #5: Vanishing Break
Z-Item #6: Ultimate Body
Z-Item #7: null

> Results
Teammate Count (Player 1): 2
Teammate Count (Opponent): 1

[Scene 0]

===Battle Info===
Condition: Win via K.O.
> GSAC ID: 31
Condition: Win via K.O. (Opponent)
> GSAC ID: 41
Condition: Wait 20 seconds
> GSAC ID: 1
Event:     Battle Finish

[Scene 1]

===Battle Info===
Condition: Win via K.O.
> GSAC ID: 30
Condition: Win via K.O. (Opponent)
> GSAC ID: 40
Condition: Wait 40 seconds
> GSAC ID: 2
[Changes to Player 1 detected.]
> Apply changes to Teammate 2
Event:     Switch with Teammate #2
Character: Piccolo (Early)

[Scene 2]

===Battle Info===
Condition: Win via K.O.
> GSAC ID: 31
Condition: Win via K.O. (Opponent)
> GSAC ID: 41
Condition: Wait 30 seconds
> GSAC ID: 3
[Changes to Player 1 detected.]
> Apply changes to Teammate 1
Event:     Switch with Teammate #1
Character: Goku (Early)

[Scene 4 - UNUSED]

===Battle Info===
Condition: Win via K.O.
> GSAC ID: 31
Condition: Win via K.O. (Opponent)
> GSAC ID: 7
Condition: Fall into ground/water (Opponent) [AUTO]
> GSAC ID: 5
Event:     Battle Finish

[Scene 3]

===Battle Info===
Condition: Win via K.O.
> GSAC ID: 31
Condition: Win via K.O. (Opponent)
> GSAC ID: 7
Condition: Wait 30 seconds
> GSAC ID: 5
Event:     Aerial Clash

[Scene 5]

===Battle Info===
Condition: Win via K.O.
> GSAC ID: 30
Condition: Win via K.O. (Opponent)
> GSAC ID: 40
Condition: Wait 10 seconds
> GSAC ID: 6
[Changes to Player 1 detected.]
> Apply changes to Teammate 2
Event:     Switch with Teammate #2
Character: Piccolo (Early)

[Scene 6]

===Battle Info===
Condition: Win via K.O.
> GSAC ID: 32
Condition: Win via K.O. (Opponent)
> GSAC ID: 40
[Changes to Player 1 detected.]
> Z-Item #7: Go To Hell
Event:     Trigger Ultimate Blast

[Scene 7]

===Battle Info===
Condition: Win via K.O.
> GSAC ID: 30
Condition: Win via K.O. (Opponent)
> GSAC ID: 40
[Changes to Player 1 detected.]
> Apply changes to Teammate 2
Event:     Switch with Teammate #2
Character: Piccolo (Early)

[Scene 30 (Victory)]

===No Battle Info===

[Scene 31 (Victory)]

===No Battle Info===

[Scene 32 (Victory)]

===No Battle Info===

[Scene 40 (Defeat)]

===No Battle Info===

[Scene 41 (Defeat)]

===No Battle Info===
