[General Information]
Name: Battle in Korin Tower
Saga: Dragon Ball Saga

[Rewards]
> Acquired Z-Points (from Easy to Hard)
2000
2500
3000
> Acquired Z-Items
null
null
null
> Acquired Maps
null
null
null
> Acquired Characters
Arale
King Piccolo
null
> Acquired Scenarios
null
null
null

[Battle Settings]
Map: King's Castle
BGM: Evolution

[Player 1 Team]
> Teammate 1
Character: Kid Goku
Costume: 1
Damaged: false
COM Difficulty Level: 0
Strategy Z-Item: Goku Type
Initial Health: 100%
Z-Item #1: Master Roshi's Training
Z-Item #2: null
Z-Item #3: null
Z-Item #4: null
Z-Item #5: null
Z-Item #6: Dragon Break
Z-Item #7: Vanishing Break

> Teammate 2
Character: Kid Chi-Chi
Costume: 1
Damaged: false
COM Difficulty Level: 0
Strategy Z-Item: Goku Type
Initial Health: 100%
Z-Item #1: Master Roshi's Training
Z-Item #2: Serious!
Z-Item #3: null
Z-Item #4: null
Z-Item #5: null
Z-Item #6: Dragon Break
Z-Item #7: Vanishing Break

> Teammate 3
Character: SS1 Kefla
Costume: 1
Damaged: false
COM Difficulty Level: 0
Strategy Z-Item: Goku Type
Initial Health: 100%
Z-Item #1: null
Z-Item #2: null
Z-Item #3: null
Z-Item #4: null
Z-Item #5: null
Z-Item #6: null
Z-Item #7: null

[Opponent Team]
> Teammate 1
Character: King Piccolo
Costume: 1
Damaged: false
COM Difficulty Level: 7
Strategy Z-Item: Gohan Type
Initial Health: 100%
Z-Item #1: Defense +10
Z-Item #2: King Kai's Training
Z-Item #3: null
Z-Item #4: null
Z-Item #5: null
Z-Item #6: Dragon Break
Z-Item #7: Vanishing Break

> Teammate 2
Character: Tambourine
Costume: 1
Damaged: false
COM Difficulty Level: 9
Strategy Z-Item: Trunks Type
Initial Health: 100%
Z-Item #1: Ultimate Warrior 1
Z-Item #2: Master Roshi's Training
Z-Item #3: Ultimate Body
Z-Item #4: null
Z-Item #5: null
Z-Item #6: Dragon Break
Z-Item #7: Vanishing Break

> Results
Teammate Count (Player 1): 3
Teammate Count (Opponent): 2

[Scene 0]

===Battle Info===
Condition: Lose 2 Health Bars (Opponent) [AUTO]
> GSAC ID: 1
Condition: Win via K.O. (Opponent)
> GSAC ID: 40
Condition: Win via K.O.
> GSAC ID: 30
Event:     Battle Finish

[Scene 1]

===Battle Info===
Condition: Win via K.O.
> GSAC ID: 2
Condition: Win via K.O. (Opponent)
> GSAC ID: 41
Condition: Wait 70 seconds
> GSAC ID: 5
[Changes to Player 1 detected.]
> Add 100% more Health
[Changes to Opponent detected.]
> Add 100% more Health
> Z-Item #1: null
> Z-Item #2: King Kai's Training
> Z-Item #3: null
> Z-Item #4: null
> Z-Item #5: null
> Z-Item #6: null
> Z-Item #7: null
Event:     Battle Finish

[Scene 2]

===Battle Info===
Condition: Immediate
> GSAC ID: 3
[Changes to Player 1 detected.]
> Z-Item #6: Attack -10
> Z-Item #7: Defense -10
[Changes to Opponent detected.]
> Apply changes to Teammate 2
Event:     Switch with Teammate #2 (Opponent) [AUTO]
Character: SS1 Kefla

[Scene 3]

===Battle Info===
Condition: Immediate
> GSAC ID: 4
[Changes to Player 1 detected.]
> Apply changes to Teammate 2
Event:     Switch with Teammate #2
Character: Zamasu

[Scene 4]
Lower Current BG Music
BG Music:  The Maze Of The Mind

===Battle Info===
Condition: Win via K.O.
> GSAC ID: 31
Condition: Win via K.O. (Opponent)
> GSAC ID: 42
Event:     Battle Finish

[Scene 5]

===Battle Info===
Condition: Win via K.O.
> GSAC ID: 30
Condition: Win via K.O. (Opponent)
> GSAC ID: 41
[Changes to Player 1 detected.]
> Z-Item #7: Go To Hell
Event:     Trigger Ultimate Blast

[Scene 6 - UNUSED]

===Battle Info===
Condition: Win via K.O.
> GSAC ID: 30
Condition: Win via K.O. (Opponent)
> GSAC ID: 41
Event:     Battle Finish

[Scene 30 (Victory)]

===No Battle Info===

[Scene 31 (Victory)]

===No Battle Info===

[Scene 32 (Victory) - UNUSED]

===No Battle Info===

[Scene 40 (Defeat)]

===No Battle Info===

[Scene 41 (Defeat)]

===No Battle Info===

[Scene 42 (Defeat)]

===No Battle Info===

[Scene 43 (Defeat) - UNUSED]

===No Battle Info===

[Scene 49 (Placeholder Defeat) - UNUSED]

===No Battle Info===

[Scene 39 (Placeholder Victory) - UNUSED]

===No Battle Info===
