[General Information]
Name: Perfect Body
Saga: Android Saga

[Rewards]
> Acquired Z-Points (from Easy to Hard)
1000
1500
2000
> Acquired Z-Items
null
null
null
> Acquired Maps
null
null
null
> Acquired Characters
Super Trunks
Super Vegeta
null
> Acquired Scenarios
Cell Games Begin
null
null

[Battle Settings]
Map: Islands
BGM: High And Scream

[Player 1 Team]
> Teammate 1
Character: Cell - Perfect
Costume: 2
Damaged: false
COM Difficulty Level: 0
Strategy Z-Item: Goku Type
Initial Health: 100%
Z-Item #1: Attack +20
Z-Item #2: Defense +20
Z-Item #3: Whis Training
Z-Item #4: Draconic Aura
Z-Item #5: Light Body
Z-Item #6: Dragon Crush
Z-Item #7: Vanishing Rush

[Opponent Team]
> Teammate 1
Character: Super Vegeta
Costume: 1
Damaged: false
COM Difficulty Level: 6
Strategy Z-Item: Majin Buu Type
Initial Health: 100%
Z-Item #1: Attack +5
Z-Item #2: Defense +5
Z-Item #3: King Kai's Training
Z-Item #4: null
Z-Item #5: null
Z-Item #6: Dragon Break
Z-Item #7: Vanishing Break

> Teammate 2
Character: Super Trunks
Costume: 1
Damaged: false
COM Difficulty Level: 6
Strategy Z-Item: Trunks Type
Initial Health: 100%
Z-Item #1: Attack +10
Z-Item #2: null
Z-Item #3: King Kai's Training
Z-Item #4: null
Z-Item #5: null
Z-Item #6: Dragon Break
Z-Item #7: Vanishing Break

> Results
Teammate Count (Player 1): 1
Teammate Count (Opponent): 2

[Scene 0]

===Battle Info===
Condition: Win via K.O.
> GSAC ID: 4
Condition: Win via K.O. (Opponent)
> GSAC ID: 40
Condition: Fall into ground/water (Opponent) [AUTO]
> GSAC ID: 1
Condition: Wait 15 seconds
> GSAC ID: 1
Event:     Battle Finish

[Scene 1]

===Battle Info===
Condition: Win via K.O.
> GSAC ID: 4
Condition: Win via K.O. (Opponent)
> GSAC ID: 40
Condition: Lose 4 Health Bars (Opponent) [AUTO]
> GSAC ID: 2
Condition: Wait 40 seconds
> GSAC ID: 2
[Changes to Player 1 detected.]
> Add 100% more Ki
> Add 1% more Ki
Event:     Battle Finish

[Scene 2]

===Battle Info===
Condition: Fall into ground/water [AUTO]
> GSAC ID: 3
Condition: Win via K.O.
> GSAC ID: 4
Condition: Win via K.O. (Opponent)
> GSAC ID: 40
[Changes to Opponent detected.]
> Z-Item #1: Attack +30
Event:     Trigger Ultimate Blast (Opponent) [AUTO]

[Scene 3]

===Battle Info===
Condition: Win via K.O.
> GSAC ID: 4
Condition: Win via K.O. (Opponent)
> GSAC ID: 40
[Changes to Player 1 detected.]
> Add 60% more Health
[Changes to Opponent detected.]
> Add 100% more Health
> Z-Item #1: Attack +5
Event:     Battle Finish

[Scene 4]

===Battle Info===
Condition: Win via K.O.
> GSAC ID: 30
Condition: Win via K.O. (Opponent)
> GSAC ID: 41
Condition: Immediate
> GSAC ID: 5
[Changes to Opponent detected.]
> Apply changes to Teammate 2
Event:     Switch with Teammate #2 (Opponent) [AUTO]
Character: Super Trunks

[Scene 5]

===Battle Info===
Condition: Win via K.O.
> GSAC ID: 30
Condition: Win via K.O. (Opponent)
> GSAC ID: 41
Condition: Wait 15 seconds
> GSAC ID: 6
[Changes to Player 1 detected.]
> Add 10% more Health
Event:     Battle Finish

[Scene 6]
Lower Current BG Music
BG Music:  Gallant

===Battle Info===
Condition: Win via K.O.
> GSAC ID: 30
Condition: Win via K.O. (Opponent)
> GSAC ID: 41
Condition: Perform Teleport
> GSAC ID: 7
Condition: Perform Sonic Sway
> GSAC ID: 7
Event:     Trigger 2nd Blast 1 (Opponent) [AUTO]

[Scene 7]

===Battle Info===
Condition: Win via K.O.
> GSAC ID: 30
Condition: Win via K.O. (Opponent)
> GSAC ID: 41
Event:     Battle Finish

[Scene 30 (Victory)]

===No Battle Info===

[Scene 40 (Defeat)]

===No Battle Info===

[Scene 41 (Defeat)]

===No Battle Info===
