[General Information]
Name: The Desert Bandit
Saga: Dragon Ball Saga

[Rewards]
> Acquired Z-Points (from Easy to Hard)
500
1000
1500
> Acquired Z-Items
null
null
null
> Acquired Maps
Penguin Village - Noon
null
null
> Acquired Characters
Arale
null
null
> Acquired Scenarios
Battle in Korin Tower
null
null

[Battle Settings]
Map: Penguin Village - Noon
BGM: Wild Rush

[Player 1 Team]
> Teammate 1
Character: Kid Goku
Costume: 1
Damaged: false
COM Difficulty Level: 0
Strategy Z-Item: Goku Type
Initial Health: 100%
Z-Item #1: King Kai's Training
Z-Item #2: Serious!
Z-Item #3: null
Z-Item #4: null
Z-Item #5: null
Z-Item #6: Dragon Break
Z-Item #7: Vanishing Break

[Opponent Team]
> Teammate 1
Character: Arale
Costume: 1
Damaged: false
COM Difficulty Level: 8
Strategy Z-Item: Majin Buu Type
Initial Health: 100%
Z-Item #1: King Kai's Training
Z-Item #2: null
Z-Item #3: null
Z-Item #4: null
Z-Item #5: null
Z-Item #6: Dragon Break
Z-Item #7: Vanishing Break

> Results
Teammate Count (Player 1): 1
Teammate Count (Opponent): 1

[Scene 0]

===Battle Info===
Condition: Win via K.O.
> GSAC ID: 30
Condition: Win via K.O. (Opponent)
> GSAC ID: 40
Event:     Battle Finish

[Scene 30 (Victory)]

===No Battle Info===

[Scene 40 (Defeat)]

===No Battle Info===
