[General Information]
Name: Ultimate Android
Saga: Dragon Ball GT Saga

[Rewards]
> Acquired Z-Points (from Easy to Hard)
1500
2000
2500
> Acquired Z-Items
null
null
null
> Acquired Maps
null
null
null
> Acquired Characters
SS3 Goku (GT)
SS4 Goku (GT)
Super 17
> Acquired Scenarios
Solar Warrior: 6000 Degrees of Power!
null
null

[Battle Settings]
Map: Mountain Road - Noon
BGM: Dark Half

[Player 1 Team]
> Teammate 1
Character: Vegeta (GT)
Costume: 1
Damaged: false
COM Difficulty Level: 0
Strategy Z-Item: Goku Type
Initial Health: 100%
Z-Item #1: Master Roshi's Training
Z-Item #2: null
Z-Item #3: null
Z-Item #4: null
Z-Item #5: null
Z-Item #6: Dragon Crush
Z-Item #7: Vanishing Rush

> Teammate 2
Character: Goku (GT)
Costume: 1
Damaged: false
COM Difficulty Level: 0
Strategy Z-Item: Goku Type
Initial Health: 100%
Z-Item #1: Master Roshi's Training
Z-Item #2: null
Z-Item #3: null
Z-Item #4: null
Z-Item #5: null
Z-Item #6: Dragon Crush
Z-Item #7: Vanishing Rush

> Teammate 3
Character: Android #18
Costume: 3
Damaged: true
COM Difficulty Level: 0
Strategy Z-Item: Goku Type
Initial Health: 70%
Z-Item #1: Master Roshi's Training
Z-Item #2: null
Z-Item #3: null
Z-Item #4: null
Z-Item #5: null
Z-Item #6: Dragon Crush
Z-Item #7: Vanishing Rush

[Opponent Team]
> Teammate 1
Character: Super 17
Costume: 1
Damaged: false
COM Difficulty Level: 10
Strategy Z-Item: Yajirobe Type
Initial Health: 100%
Z-Item #1: null
Z-Item #2: Whis Training
Z-Item #3: Ultimate Body
Z-Item #4: Attack +20
Z-Item #5: Defense +20
Z-Item #6: Dragon Crush
Z-Item #7: Vanishing Rush

> Results
Teammate Count (Player 1): 3
Teammate Count (Opponent): 1

[Scene 0]

===Battle Info===
Condition: Wait 30 seconds
> GSAC ID: 2
Condition: Win via K.O.
> GSAC ID: 32
Condition: Win via K.O. (Opponent)
> GSAC ID: 40
Event:     Battle Finish

[Scene 1]

===Battle Info===
Condition: Lose 5 Health Bars (Opponent) [AUTO]
> GSAC ID: 6
Condition: Win via K.O.
> GSAC ID: 31
Condition: Win via K.O. (Opponent)
> GSAC ID: 41
[Changes to Player 1 detected.]
> Add 100% more Health
[Changes to Opponent detected.]
> Add 100% more Health
> Set COM Difficulty Level to 8
> Z-Item #3: null
> Z-Item #4: null
> Z-Item #5: null
> Z-Item #6: null
> Z-Item #7: null
Event:     Assign Transformation
Character: SS4 Goku (GT)

[Scene 2]

===Battle Info===
Condition: Wait 60 seconds
> GSAC ID: 3
Condition: Win via K.O.
> GSAC ID: 32
Condition: Win via K.O. (Opponent)
> GSAC ID: 40
[Changes to Player 1 detected.]
> Add 100% more Health
Event:     Assign Transformation
Character: SS1 Vegeta (GT)

[Scene 3]

===Battle Info===
Condition: Immediate
> GSAC ID: 4
Event:     Switch with Teammate #2
Character: Goku (GT)

[Scene 4]
Lower Current BG Music
BG Music:  Flight in The Dark Side

===Battle Info===
Condition: Immediate
> GSAC ID: 5
Event:     Assign Transformation
Character: SS1 Goku (GT)

[Scene 5]

===Battle Info===
Condition: Win via K.O.
> GSAC ID: 30
Condition: Win via K.O. (Opponent)
> GSAC ID: 40
Condition: Wait 60 seconds
> GSAC ID: 1
Event:     Battle Finish

[Scene 6]

===Battle Info===
Condition: Immediate
> GSAC ID: 7
Event:     Assign Transformation
Character: Goku (GT)

[Scene 7]

===Battle Info===
Condition: Immediate
> GSAC ID: 8
[Changes to Opponent detected.]
> Add 100% more Health
Event:     Switch with Teammate #3
Character: Android #18

[Scene 8]
Lower Current BG Music
BG Music:  Lost Courage

===Battle Info===
Condition: Wait 60 seconds
> GSAC ID: 9
Condition: Win via K.O.
> GSAC ID: 33
Condition: Win via K.O. (Opponent)
> GSAC ID: 40
Event:     Battle Finish

[Scene 9]

===Battle Info===
Condition: Immediate
> GSAC ID: 10
Event:     Switch with Teammate #2
Character: Goku (GT)

[Scene 10]

===Battle Info===
Condition: Win via K.O.
> GSAC ID: 30
Condition: Win via K.O. (Opponent)
> GSAC ID: 40
[Changes to Player 1 detected.]
> Z-Item #7: Go To Hell
Event:     Trigger 2nd Blast 2

[Scene 30 (Victory)]

===No Battle Info===

[Scene 31 (Victory)]

===No Battle Info===

[Scene 32 (Victory)]

===No Battle Info===

[Scene 33 (Victory)]

===No Battle Info===

[Scene 40 (Defeat)]

===No Battle Info===

[Scene 41 (Defeat)]

===No Battle Info===
