[General Information]
Name: The Zero Mortal Plan
Saga: Dragon Ball Super Saga

[Rewards]
> Acquired Z-Points (from Easy to Hard)
1500
2000
2500
> Acquired Z-Items
null
null
null
> Acquired Maps
null
null
null
> Acquired Characters
Zamasu
SSR Goku Black
null
> Acquired Scenarios
The Supreme Power of the Absolute God
null
null

[Battle Settings]
Map: City Ruins - Future
BGM: Power Scale

[Player 1 Team]
> Teammate 1
Character: SSB Vegeta
Costume: 1
Damaged: false
COM Difficulty Level: 0
Strategy Z-Item: Goku Type
Initial Health: 100%
Z-Item #1: Whis Training
Z-Item #2: null
Z-Item #3: null
Z-Item #4: null
Z-Item #5: null
Z-Item #6: null
Z-Item #7: null

> Teammate 2
Character: Goku (End)
Costume: 4
Damaged: false
COM Difficulty Level: 0
Strategy Z-Item: Goku Type
Initial Health: 100%
Z-Item #1: Whis Training
Z-Item #2: null
Z-Item #3: null
Z-Item #4: null
Z-Item #5: null
Z-Item #6: null
Z-Item #7: null

> Teammate 3
Character: SS2 Trunks (Sword)
Costume: 4
Damaged: false
COM Difficulty Level: 0
Strategy Z-Item: Goku Type
Initial Health: 100%
Z-Item #1: Whis Training
Z-Item #2: null
Z-Item #3: null
Z-Item #4: null
Z-Item #5: null
Z-Item #6: null
Z-Item #7: null

> Teammate 4
Character: SSB Vegeta
Costume: 1
Damaged: false
COM Difficulty Level: 0
Strategy Z-Item: Goku Type
Initial Health: 1%
Z-Item #1: Master Roshi's Training
Z-Item #2: null
Z-Item #3: null
Z-Item #4: null
Z-Item #5: Go To Hell
Z-Item #6: Dragon Break
Z-Item #7: Vanishing Break

[Opponent Team]
> Teammate 1
Character: Goku Black
Costume: 1
Damaged: false
COM Difficulty Level: 6
Strategy Z-Item: Goku Type
Initial Health: 100%
Z-Item #1: Whis Training
Z-Item #2: Attack +10
Z-Item #3: null
Z-Item #4: null
Z-Item #5: null
Z-Item #6: null
Z-Item #7: null

> Teammate 2
Character: Zamasu
Costume: 1
Damaged: false
COM Difficulty Level: 6
Strategy Z-Item: Goku Type
Initial Health: 100%
Z-Item #1: Whis Training
Z-Item #2: null
Z-Item #3: null
Z-Item #4: null
Z-Item #5: null
Z-Item #6: null
Z-Item #7: null

> Results
Teammate Count (Player 1): 4
Teammate Count (Opponent): 2

[Scene 0]

===Battle Info===
Condition: Lose 3 Health Bars (Opponent) [AUTO]
> GSAC ID: 1
Condition: Win via K.O.
> GSAC ID: 39
Condition: Win via K.O. (Opponent)
> GSAC ID: 49
Event:     Battle Finish

[Scene 1]
Lower Current BG Music
BG Music:  Crisis

===Battle Info===
Condition: Immediate
> GSAC ID: 2
[Changes to Opponent detected.]
> Add 100% more Health
Event:     Assign Transformation (Opponent) [AUTO]
Character: SSR Goku Black

[Scene 2]
Lower Current BG Music
BG Music:  Pathos

===Battle Info===
Condition: Lose 3 Health Bars (Opponent) [AUTO]
> GSAC ID: 3
Condition: Win via K.O.
> GSAC ID: 39
Condition: Win via K.O. (Opponent)
> GSAC ID: 49
Event:     Battle Finish

[Scene 3]
Lower Current BG Music
BG Music:  Fate Scrapes

===Battle Info===
Condition: Win via K.O.
> GSAC ID: 39
Condition: Win via K.O. (Opponent)
> GSAC ID: 4
[Changes to Opponent detected.]
> Z-Item #7: Go To Hell
Event:     Trigger 2nd Blast 2 (Opponent) [AUTO]

[Scene 4]

===Battle Info===
Condition: Immediate
> GSAC ID: 5
[Changes to Opponent detected.]
> Z-Item #7: null
Event:     Switch with Teammate #2
Character: Goku (End)

[Scene 5]

===Battle Info===
Condition: Immediate
> GSAC ID: 6
Event:     Assign Transformation
Character: SSB Goku

[Scene 6]

===Battle Info===
Condition: Wait 10 seconds
> GSAC ID: 7
Condition: Win via K.O.
> GSAC ID: 39
Condition: Win via K.O. (Opponent)
> GSAC ID: 49
[Changes to Opponent detected.]
> Add 100% more Health
Event:     Aerial Clash (Opponent)

[Scene 7]
Lower Current BG Music
BG Music:  Yin-Yang

===Battle Info===
Condition: Immediate
> GSAC ID: 8
Event:     Switch with Teammate #2 (Opponent) [AUTO]
Character: Zamasu

[Scene 8]
Lower Current BG Music
BG Music:  Stand After Confusion

===Battle Info===
Condition: Lose 2 Health Bars (Opponent) [AUTO]
> GSAC ID: 9
Condition: Win via K.O.
> GSAC ID: 39
Condition: Win via K.O. (Opponent)
> GSAC ID: 49
Event:     Normal Clash (Opponent)

[Scene 9]

===Battle Info===
Condition: Immediate
> GSAC ID: 10
[Changes to Opponent detected.]
> Add 100% more Health
Event:     Switch with Teammate #1 (Opponent) [AUTO]
Character: Goku Black

[Scene 10]
Lower Current BG Music
BG Music:  Flight in The Dark Side

===Battle Info===
Condition: Wait 10 seconds
> GSAC ID: 11
Condition: Win via K.O.
> GSAC ID: 39
Condition: Win via K.O. (Opponent)
> GSAC ID: 49
Event:     Battle Finish

[Scene 11]

===Battle Info===
Condition: Wait 30 seconds
> GSAC ID: 12
Condition: Win via K.O.
> GSAC ID: 39
Condition: Win via K.O. (Opponent)
> GSAC ID: 49
Event:     Switch with Teammate #3
Character: SS2 Trunks (Sword)

[Scene 12]
Lower Current BG Music
BG Music:  Awake

===Battle Info===
Condition: Lose 1 Health Bar (Opponent) [AUTO]
> GSAC ID: 13
Condition: Win via K.O.
> GSAC ID: 39
Condition: Win via K.O. (Opponent)
> GSAC ID: 49
Event:     Switch with Teammate #2 (Opponent) [AUTO]
Character: Zamasu

[Scene 13]

===Battle Info===
Condition: Lose 2 Health Bars (Opponent) [AUTO]
> GSAC ID: 14
Condition: Win via K.O.
> GSAC ID: 39
Condition: Win via K.O. (Opponent)
> GSAC ID: 49
[Changes to Opponent detected.]
> Add 100% more Health
Event:     Assign Transformation (Opponent) [AUTO]

[Scene 14]

===Battle Info===
Condition: Hit with Ultimate Blast
> GSAC ID: 15
Condition: Win via K.O.
> GSAC ID: 39
Condition: Win via K.O. (Opponent)
> GSAC ID: 49
[Changes to Opponent detected.]
> Add 100% more Health
> Z-Item #7: Absolutely Invincible Body
Event:     Trigger Ultimate Blast

[Scene 15]
Lower Current BG Music
BG Music:  Dark Half

===Battle Info===
Condition: Wait 40 seconds
> GSAC ID: 16
Condition: Win via K.O.
> GSAC ID: 39
Condition: Win via K.O. (Opponent)
> GSAC ID: 49
Event:     Assign Transformation (Opponent) [AUTO]

[Scene 16]

===Battle Info===
Condition: Immediate
> GSAC ID: 17
Event:     Switch with Teammate #2
Character: Goku (End)

[Scene 17]

===Battle Info===
Condition: Immediate
> GSAC ID: 18
Event:     Switch with Teammate #1 (Opponent) [AUTO]
Character: Goku Black

[Scene 18]

===Battle Info===
Condition: Win via K.O.
> GSAC ID: 39
Condition: Win via K.O. (Opponent)
> GSAC ID: 19
[Changes to Opponent detected.]
> Z-Item #7: Go To Hell
Event:     Trigger 1st Blast 2 (Opponent) [AUTO]

[Scene 19]
Lower Current BG Music
BG Music:  Random

===Battle Info===
Condition: Immediate
> GSAC ID: 20
Event:     Switch with Teammate #4
Character: Super Vegeta

[Scene 20]

===Battle Info===
Condition: Win via K.O.
> GSAC ID: 30
Condition: Win via K.O. (Opponent)
> GSAC ID: 49
Event:     Trigger Ultimate Blast

[Scene 30 (Victory)]

===No Battle Info===

[Scene 39 (Placeholder Victory)]

===No Battle Info===

[Scene 49 (Placeholder Defeat)]

===No Battle Info===
