[General Information]
Name: Goku's Quiet Rage
Saga: Saiyan Saga

[Rewards]
> Acquired Z-Points (from Easy to Hard)
1000
1500
2000
> Acquired Z-Items
null
null
null
> Acquired Maps
null
null
null
> Acquired Characters
null
null
null
> Acquired Scenarios
Ultimate Decisive Battle
null
null

[Battle Settings]
Map: Plains - Noon
BGM: Edge Of Spirit (BT3)

[Player 1 Team]
> Teammate 1
Character: Tien
Costume: 2
Damaged: true
COM Difficulty Level: 0
Strategy Z-Item: Goku Type
Initial Health: 70%
Z-Item #1: Defense -10
Z-Item #2: Attack -15
Z-Item #3: null
Z-Item #4: null
Z-Item #5: null
Z-Item #6: null
Z-Item #7: null

> Teammate 2
Character: Chiaotzu
Costume: 2
Damaged: true
COM Difficulty Level: 0
Strategy Z-Item: Goku Type
Initial Health: 80%
Z-Item #1: null
Z-Item #2: null
Z-Item #3: null
Z-Item #4: null
Z-Item #5: null
Z-Item #6: null
Z-Item #7: null

> Teammate 3
Character: Piccolo (Early)
Costume: 1
Damaged: true
COM Difficulty Level: 0
Strategy Z-Item: Goku Type
Initial Health: 100%
Z-Item #1: Master Roshi's Training
Z-Item #2: null
Z-Item #3: null
Z-Item #4: null
Z-Item #5: null
Z-Item #6: null
Z-Item #7: null

> Teammate 4
Character: Kid Gohan
Costume: 2
Damaged: false
COM Difficulty Level: 0
Strategy Z-Item: Goku Type
Initial Health: 100%
Z-Item #1: Master Roshi's Training
Z-Item #2: null
Z-Item #3: null
Z-Item #4: null
Z-Item #5: null
Z-Item #6: null
Z-Item #7: null

> Teammate 5
Character: Goku (Early)
Costume: 1
Damaged: false
COM Difficulty Level: 0
Strategy Z-Item: Goku Type
Initial Health: 100%
Z-Item #1: King Kai's Training
Z-Item #2: Attack +15
Z-Item #3: Power of Rage
Z-Item #4: Ultimate Warrior 1
Z-Item #5: Ultimate Body
Z-Item #6: Dragon Crush
Z-Item #7: Vanishing Rush

[Opponent Team]
> Teammate 1
Character: Nappa
Costume: 1
Damaged: false
COM Difficulty Level: 9
Strategy Z-Item: Broly Type
Initial Health: 100%
Z-Item #1: Defense +45
Z-Item #2: Attack +15
Z-Item #3: Whis Training
Z-Item #4: null
Z-Item #5: null
Z-Item #6: Dragon Break
Z-Item #7: Vanishing Break

> Teammate 2
Character: Vegeta (Scouter)
Costume: 1
Damaged: false
COM Difficulty Level: 0
Strategy Z-Item: Goku Type
Initial Health: 100%
Z-Item #1: null
Z-Item #2: null
Z-Item #3: null
Z-Item #4: null
Z-Item #5: null
Z-Item #6: null
Z-Item #7: null

> Results
Teammate Count (Player 1): 5
Teammate Count (Opponent): 2

[Scene 0]

===Battle Info===
Condition: Win via K.O.
> GSAC ID: 30
Condition: Win via K.O. (Opponent)
> GSAC ID: 40
Condition: Wait 20 seconds
> GSAC ID: 1
Event:     Battle Finish

[Scene 1]

===Battle Info===
Condition: Win via K.O.
> GSAC ID: 31
Condition: Win via K.O. (Opponent)
> GSAC ID: 47
Condition: Wait 20 seconds
> GSAC ID: 14
[Changes to Player 1 detected.]
> Apply changes to Teammate 2
Event:     Switch with Teammate #2
Character: Chiaotzu

[Scene 14]

===Battle Info===
Condition: Fall into ground/water [AUTO]
> GSAC ID: 15
[Changes to Opponent detected.]
> Z-Item #7: Absolutely Invincible Body
Event:     Trigger Ultimate Blast

[Scene 15]

===Battle Info===
Condition: Win via K.O.
> GSAC ID: 31
Condition: Win via K.O. (Opponent)
> GSAC ID: 2
[Changes to Player 1 detected.]
> Set current Health to 0%
[Changes to Opponent detected.]
> Z-Item #7: null
Event:     Battle Finish

[Scene 16 - UNUSED]

===Battle Info===
Condition: Win via K.O.
> GSAC ID: 31
Condition: Win via K.O. (Opponent)
> GSAC ID: 2
[Changes to Player 1 detected.]
> Set current Health to 0%
[Changes to Opponent detected.]
> Z-Item #7: null
Event:     Battle Finish

[Scene 2]

===Battle Info===
Condition: Win via K.O.
> GSAC ID: 32
Condition: Win via K.O. (Opponent)
> GSAC ID: 5
[Changes to Player 1 detected.]
> Apply changes to Teammate 1
Event:     Switch with Teammate #1
Character: Tien

[Scene 3 - UNUSED]

===Battle Info===
Condition: Immediate
> GSAC ID: 4
[Changes to Player 1 detected.]
> Apply changes to Teammate 3
[Changes to Opponent detected.]
> Add 100% more Health
Event:     Switch with Teammate #3
Character: Piccolo (Early)

[Scene 4]

===Battle Info===
Condition: Win via K.O.
> GSAC ID: 33
Condition: Win via K.O. (Opponent)
> GSAC ID: 41
Condition: Wait 30 seconds
> GSAC ID: 5
[Changes to Opponent detected.]
> Add 100% more Health
> Add 100% more Ki
Event:     Aerial Clash

[Scene 5]

===Battle Info===
Condition: Immediate
> GSAC ID: 6
[Changes to Player 1 detected.]
> Apply changes to Teammate 4
Event:     Switch with Teammate #4
Character: Kid Gohan

[Scene 6]

===Battle Info===
Condition: Win via K.O.
> GSAC ID: 34
Condition: Win via K.O. (Opponent)
> GSAC ID: 42
Condition: Wait 30 seconds
> GSAC ID: 7
Event:     Normal Clash

[Scene 7]

===Battle Info===
Condition: Immediate
> GSAC ID: 13
[Changes to Player 1 detected.]
> Apply changes to Teammate 3
Event:     Switch with Teammate #3
Character: Piccolo (Early)

[Scene 13]

===Battle Info===
Condition: Win via K.O. (Opponent)
> GSAC ID: 8
Condition: Win via K.O.
> GSAC ID: 33
[Changes to Opponent detected.]
> Z-Item #7: Go To Hell
Event:     Trigger Ultimate Blast (Opponent) [AUTO]

[Scene 8]

===Battle Info===
Condition: Win via K.O.
> GSAC ID: 35
Condition: Win via K.O. (Opponent)
> GSAC ID: 43
Condition: Wait 30 seconds
> GSAC ID: 9
[Changes to Player 1 detected.]
> Add 100% more Health
> Apply changes to Teammate 4
[Changes to Opponent detected.]
> Z-Item #7: null
Event:     Switch with Teammate #4
Character: Kid Gohan

[Scene 9]

===Battle Info===
Condition: Immediate
> GSAC ID: 10
[Changes to Player 1 detected.]
> Apply changes to Teammate 5
[Changes to Opponent detected.]
> Add 100% more Health
Event:     Switch with Teammate #5
Character: Goku (Early)

[Scene 10]
Lower Current BG Music
BG Music:  The Heat

===Battle Info===
Condition: Win via K.O.
> GSAC ID: 36
Condition: Win via K.O. (Opponent)
> GSAC ID: 44
[Changes to Opponent detected.]
> Set COM Difficulty Level to 3
> Add 100% more Health
> Z-Item #1: Defense -15
> Z-Item #2: Attack -25
> Z-Item #6: null
> Z-Item #7: null
Event:     Battle Finish

[Scene 30 (Victory)]

===No Battle Info===

[Scene 31 (Victory)]

===No Battle Info===

[Scene 32 (Victory)]

===No Battle Info===

[Scene 33 (Victory)]

===No Battle Info===

[Scene 34 (Victory)]

===No Battle Info===

[Scene 35 (Victory)]

===No Battle Info===

[Scene 36 (Victory)]

===No Battle Info===

[Scene 40 (Defeat)]

===No Battle Info===

[Scene 41 (Defeat)]

===No Battle Info===

[Scene 42 (Defeat)]

===No Battle Info===

[Scene 43 (Defeat)]

===No Battle Info===

[Scene 44 (Defeat)]

===No Battle Info===

[Scene 45 (Defeat) - UNUSED]

===No Battle Info===

[Scene 46 (Defeat) - UNUSED]

===No Battle Info===

[Scene 47 (Defeat)]

===No Battle Info===

[Scene 11 - UNUSED]

===Battle Info===
Condition: Win via K.O.
> GSAC ID: 31
Condition: Win via K.O. (Opponent)
> GSAC ID: 2
[Changes to Opponent detected.]
> Z-Item #7: Absolutely Invincible Body
Event:     Trigger Ultimate Blast

[Scene 12 - UNUSED]

===Battle Info===
Condition: Win via K.O.
> GSAC ID: 33
Condition: Win via K.O. (Opponent)
> GSAC ID: 8
[Changes to Opponent detected.]
> Z-Item #7: Go To Hell
Event:     Trigger Ultimate Blast (Opponent) [AUTO]
