[General Information]
Name: Universe 6's Strongest Warrior
Saga: Dragon Ball Super Saga

[Rewards]
> Acquired Z-Points (from Easy to Hard)
1000
1500
2000
> Acquired Z-Items
null
null
null
> Acquired Maps
Champa's Ring
null
null
> Acquired Characters
SS1 Cabba
Hit
null
> Acquired Scenarios
A Dark New Enemy Appears
null
null

[Battle Settings]
Map: Champa's Ring
BGM: Impulse to Victory

[Player 1 Team]
> Teammate 1
Character: Goku (End)
Costume: 3
Damaged: false
COM Difficulty Level: 0
Strategy Z-Item: Goku Type
Initial Health: 100%
Z-Item #1: King Kai's Training
Z-Item #2: null
Z-Item #3: null
Z-Item #4: null
Z-Item #5: null
Z-Item #6: Dragon Crush
Z-Item #7: Vanishing Rush

[Opponent Team]
> Teammate 1
Character: Hit
Costume: 1
Damaged: false
COM Difficulty Level: 9
Strategy Z-Item: Broly Type
Initial Health: 100%
Z-Item #1: Whis Training
Z-Item #2: Defense +10
Z-Item #3: null
Z-Item #4: null
Z-Item #5: null
Z-Item #6: Dragon Crush
Z-Item #7: Vanishing Rush

> Results
Teammate Count (Player 1): 1
Teammate Count (Opponent): 1

[Scene 0]

===Battle Info===
Condition: Win via K.O.
> GSAC ID: 30
Condition: Win via K.O. (Opponent)
> GSAC ID: 49
Condition: Wait 40 seconds
> GSAC ID: 1
[Changes to Opponent detected.]
> Z-Item #6: Absolutely Invincible Body
Event:     Battle Finish

[Scene 1]
Lower Current BG Music
BG Music:  Rivals

===Battle Info===
Condition: Win via K.O.
> GSAC ID: 30
Condition: Win via K.O. (Opponent)
> GSAC ID: 49
Condition: Lose 2 Health Bars (Opponent) [AUTO]
> GSAC ID: 2
[Changes to Opponent detected.]
> Z-Item #6: null
Event:     Assign Transformation (Opponent) [AUTO]

[Scene 2]
Lower Current BG Music
BG Music:  Strive to Revive

===Battle Info===
Condition: Immediate
> GSAC ID: 3
Event:     Assign Transformation
Character: SSB Goku

[Scene 3]

===Battle Info===
Condition: Win via K.O.
> GSAC ID: 30
Condition: Win via K.O. (Opponent)
> GSAC ID: 49
Condition: Lose 5 Health Bars (Opponent) [AUTO]
> GSAC ID: 4
Event:     Normal Clash

[Scene 4]
Lower Current BG Music
BG Music:  Wild Soul

===Battle Info===
Condition: Win via K.O.
> GSAC ID: 30
Condition: Win via K.O. (Opponent)
> GSAC ID: 49
Condition: Lose 6 Health Bars (Opponent) [AUTO]
> GSAC ID: 5
Event:     Assign Transformation
Character: Frieza - 2nd Form

[Scene 5]
Lower Current BG Music
BG Music:  Impulse to Victory

===Battle Info===
Condition: Win via K.O.
> GSAC ID: 30
Condition: Win via K.O. (Opponent)
> GSAC ID: 6
Condition: Lose 1 Health Bar
> GSAC ID: 6
[Changes to Opponent detected.]
> Add 100% more Health
Event:     Trigger Ultimate Blast (Opponent) [AUTO]

[Scene 6]

===Battle Info===
Condition: Win via K.O.
> GSAC ID: 30
Condition: Win via K.O. (Opponent)
> GSAC ID: 49
Condition: Wait 40 seconds
> GSAC ID: 7
[Changes to Player 1 detected.]
> Add 100% more Health
Event:     Assign Transformation (Opponent) [AUTO]

[Scene 7]
Lower Current BG Music
BG Music:  Hot Feeling

===Battle Info===
Condition: Win via K.O.
> GSAC ID: 30
Condition: Win via K.O. (Opponent)
> GSAC ID: 49
Condition: Lose 2 Health Bars (Opponent) [AUTO]
> GSAC ID: 8
[Changes to Opponent detected.]
> Add 100% more Health
Event:     Battle Finish

[Scene 8]
Lower Current BG Music
BG Music:  Hot Feeling

===Battle Info===
Condition: Win via K.O.
> GSAC ID: 30
Condition: Win via K.O. (Opponent)
> GSAC ID: 9
[Changes to Opponent detected.]
> Z-Item #7: Go To Hell
Event:     Trigger 2nd Blast 2 (Opponent) [AUTO]

[Scene 9]
Lower Current BG Music
BG Music:  Awake

===Battle Info===
Condition: Win via K.O.
> GSAC ID: 30
Condition: Win via K.O. (Opponent)
> GSAC ID: 49
Condition: Wait 10 seconds
> GSAC ID: 11
[Changes to Player 1 detected.]
> Add 100% more Health
[Changes to Opponent detected.]
> Z-Item #7: null
Event:     Trigger 2nd Blast 1

[Scene 11]
Lower Current BG Music
BG Music:  Progression

===Battle Info===
Condition: Win via K.O.
> GSAC ID: 30
Condition: Win via K.O. (Opponent)
> GSAC ID: 49
Condition: Wait 20 seconds
> GSAC ID: 12
Event:     Trigger 2nd Blast 1

[Scene 12]

===Battle Info===
Condition: Win via K.O.
> GSAC ID: 30
Condition: Win via K.O. (Opponent)
> GSAC ID: 49
Condition: Lose 2 Health Bars (Opponent) [AUTO]
> GSAC ID: 13
Condition: Lose 2 Health Bars
> GSAC ID: 13
Condition: Wait 10 seconds
> GSAC ID: 13
Event:     Trigger 2nd Blast 2

[Scene 13]

===Battle Info===
Condition: Win via K.O.
> GSAC ID: 30
Condition: Win via K.O. (Opponent)
> GSAC ID: 49
Event:     Assign Transformation (Opponent) [AUTO]

[Scene 30 (Victory)]

===No Battle Info===

[Scene 39 (Placeholder Victory) - UNUSED]

===No Battle Info===

[Scene 49 (Placeholder Defeat)]

===No Battle Info===
