[General Information]
Name: Cell Games Begin
Saga: Android Saga

[Rewards]
> Acquired Z-Points (from Easy to Hard)
1500
2000
2500
> Acquired Z-Items
null
null
null
> Acquired Maps
null
null
null
> Acquired Characters
SS1 Goku (End)
SS1 Teen Gohan
null
> Acquired Scenarios
Gohan Explodes!
null
null

[Battle Settings]
Map: Cell Games Arena - Noon
BGM: Sky Battle for Justice

[Player 1 Team]
> Teammate 1
Character: SS1 Goku (End)
Costume: 1
Damaged: false
COM Difficulty Level: 0
Strategy Z-Item: Goku Type
Initial Health: 100%
Z-Item #1: null
Z-Item #2: Master Roshi's Training
Z-Item #3: null
Z-Item #4: null
Z-Item #5: null
Z-Item #6: Dragon Crush
Z-Item #7: Vanishing Rush

> Teammate 2
Character: SS1 Teen Gohan
Costume: 1
Damaged: false
COM Difficulty Level: 0
Strategy Z-Item: Goku Type
Initial Health: 100%
Z-Item #1: null
Z-Item #2: Master Roshi's Training
Z-Item #3: null
Z-Item #4: null
Z-Item #5: null
Z-Item #6: Dragon Crush
Z-Item #7: Vanishing Rush

> Teammate 3
Character: Mr. Satan
Costume: 1
Damaged: false
COM Difficulty Level: 0
Strategy Z-Item: Goku Type
Initial Health: 100%
Z-Item #1: null
Z-Item #2: Master Roshi's Training
Z-Item #3: null
Z-Item #4: null
Z-Item #5: null
Z-Item #6: null
Z-Item #7: null

[Opponent Team]
> Teammate 1
Character: Cell - Perfect
Costume: 2
Damaged: false
COM Difficulty Level: 11
Strategy Z-Item: Trunks Type
Initial Health: 100%
Z-Item #1: Attack +15
Z-Item #2: Defense +15
Z-Item #3: King Kai's Training
Z-Item #4: Ultimate Body
Z-Item #5: null
Z-Item #6: Dragon Break
Z-Item #7: Vanishing Break

> Results
Teammate Count (Player 1): 3
Teammate Count (Opponent): 1

[Scene 0]

===Battle Info===
Condition: Wait 15 seconds
> GSAC ID: 1
Condition: Win via K.O.
> GSAC ID: 30
Condition: Win via K.O. (Opponent)
> GSAC ID: 5
Event:     Battle Finish

[Scene 1]

===Battle Info===
Condition: Wait 15 seconds
> GSAC ID: 2
Condition: Win via K.O.
> GSAC ID: 30
Condition: Win via K.O. (Opponent)
> GSAC ID: 5
[Changes to Player 1 detected.]
> Add 3% more Ki
[Changes to Opponent detected.]
> Add 3% more Ki
Event:     Go to MAX POWER Mode

[Scene 2]

===Battle Info===
Condition: Wait 15 seconds
> GSAC ID: 3
Condition: Win via K.O.
> GSAC ID: 30
Condition: Win via K.O. (Opponent)
> GSAC ID: 5
Event:     Battle Finish

[Scene 3]

===Battle Info===
Condition: Win Normal Clash
> GSAC ID: 4
Condition: Win Normal Clash (Opponent)
> GSAC ID: 7
Condition: Win via K.O.
> GSAC ID: 30
Condition: Win via K.O. (Opponent)
> GSAC ID: 5
Event:     Normal Clash

[Scene 4]

===Battle Info===
Condition: Lose 4 Health Bars
> GSAC ID: 5
Condition: Win via K.O.
> GSAC ID: 30
Condition: Win via K.O. (Opponent)
> GSAC ID: 5
Event:     Trigger 2nd Blast 2

[Scene 7]

===Battle Info===
Condition: Lose 4 Health Bars
> GSAC ID: 8
Condition: Win via K.O.
> GSAC ID: 30
Condition: Win via K.O. (Opponent)
> GSAC ID: 8
Event:     Trigger 1st Blast 2 (Opponent) [AUTO]

[Scene 5]

===Battle Info===
Condition: Wait 40 seconds
> GSAC ID: 6
Condition: Win via K.O.
> GSAC ID: 31
Condition: Win via K.O. (Opponent)
> GSAC ID: 40
[Changes to Player 1 detected.]
> Apply changes to Teammate 2
[Changes to Opponent detected.]
> Add 100% more Health
> Z-Item #1: null
> Z-Item #2: null
> Z-Item #4: null
> Z-Item #5: null
> Z-Item #6: null
> Z-Item #7: null
Event:     Switch with Teammate #2
Character: SS1 Teen Gohan

[Scene 6]

===Battle Info===
Condition: Win via K.O.
> GSAC ID: 32
Condition: Win via K.O. (Opponent)
> GSAC ID: 40
[Changes to Opponent detected.]
> Set COM Difficulty Level to 9
Event:     Battle Finish

[Scene 8]

===Battle Info===
Condition: Win via K.O.
> GSAC ID: 33
Condition: Win via K.O. (Opponent)
> GSAC ID: 9
[Changes to Player 1 detected.]
> Apply changes to Teammate 3
Event:     Switch with Teammate #3
Character: Mr. Satan

[Scene 9]

===Battle Info===
Condition: Wait 40 seconds
> GSAC ID: 6
Condition: Win via K.O.
> GSAC ID: 31
Condition: Win via K.O. (Opponent)
> GSAC ID: 40
[Changes to Player 1 detected.]
> Apply changes to Teammate 2
[Changes to Opponent detected.]
> Add 100% more Health
> Z-Item #1: null
> Z-Item #2: null
> Z-Item #4: null
> Z-Item #5: null
> Z-Item #6: null
> Z-Item #7: null
Event:     Switch with Teammate #2
Character: SS1 Teen Gohan

[Scene 30 (Victory)]

===No Battle Info===

[Scene 31 (Victory)]

===No Battle Info===

[Scene 32 (Victory)]

===No Battle Info===

[Scene 33 (Victory)]

===No Battle Info===

[Scene 40 (Defeat)]

===No Battle Info===
