[General Information]
Name: Final Fusion
Saga: Majin Buu Saga

[Rewards]
> Acquired Z-Points (from Easy to Hard)
1500
2000
2500
> Acquired Z-Items
null
null
null
> Acquired Maps
null
null
null
> Acquired Characters
Super Vegito
Super Buu - Gotenks Absorbed
Super Buu - Gohan Absorbed
> Acquired Scenarios
Battle for the Universe
null
null

[Battle Settings]
Map: Rocky Area - Noon
BGM: Yin-Yang

[Player 1 Team]
> Teammate 1
Character: Goku (End)
Costume: 1
Damaged: false
COM Difficulty Level: 0
Strategy Z-Item: Goku Type
Initial Health: 100%
Z-Item #1: null
Z-Item #2: null
Z-Item #3: null
Z-Item #4: null
Z-Item #5: null
Z-Item #6: null
Z-Item #7: null

> Teammate 2
Character: Vegeta
Costume: 2
Damaged: false
COM Difficulty Level: 0
Strategy Z-Item: Goku Type
Initial Health: 100%
Z-Item #1: null
Z-Item #2: null
Z-Item #3: null
Z-Item #4: null
Z-Item #5: null
Z-Item #6: null
Z-Item #7: null

> Teammate 3
Character: Vegito
Costume: 1
Damaged: false
COM Difficulty Level: 0
Strategy Z-Item: Goku Type
Initial Health: 100%
Z-Item #1: null
Z-Item #2: null
Z-Item #3: null
Z-Item #4: null
Z-Item #5: null
Z-Item #6: null
Z-Item #7: null

[Opponent Team]
> Teammate 1
Character: Super Buu - Gohan Absorbed
Costume: 1
Damaged: false
COM Difficulty Level: 9
Strategy Z-Item: Goku Type
Initial Health: 100%
Z-Item #1: Attack +20
Z-Item #2: Defense +40
Z-Item #3: Whis Training
Z-Item #4: null
Z-Item #5: null
Z-Item #6: Dragon Crush
Z-Item #7: Vanishing Rush

> Results
Teammate Count (Player 1): 3
Teammate Count (Opponent): 1

[Scene 0]

===Battle Info===
Condition: Wait 30 seconds
> GSAC ID: 1
Condition: Win via K.O.
> GSAC ID: 30
Condition: Win via K.O. (Opponent)
> GSAC ID: 40
Event:     Battle Finish

[Scene 1]

===Battle Info===
Condition: Wait 30 seconds
> GSAC ID: 2
Condition: Win via K.O. (Opponent)
> GSAC ID: 41
Condition: Win via K.O.
> GSAC ID: 31
[Changes to Player 1 detected.]
> Apply changes to Teammate 2
Event:     Switch with Teammate #2
Character: SSR Goku Black

[Scene 2]
Lower Current BG Music
BG Music:  Burnin' Up

===Battle Info===
Condition: Win via K.O.
> GSAC ID: 32
Condition: Win via K.O. (Opponent)
> GSAC ID: 42
Condition: Wait 30 seconds
> GSAC ID: 3
[Changes to Player 1 detected.]
> Add 100% more Health
> Z-Item #1: King Kai's Training
> Z-Item #2: null
> Z-Item #3: null
> Z-Item #4: null
> Z-Item #5: null
> Z-Item #6: Dragon Crush
> Z-Item #7: Vanishing Rush
[Changes to Opponent detected.]
> Set current Health to 100%
> Z-Item #1: Whis Training
> Z-Item #2: Defense +20
> Z-Item #3: Attack +10
> Z-Item #4: null
> Z-Item #5: null
> Z-Item #6: null
> Z-Item #7: null
Event:     Assign Fusion
Character: Vegito

[Scene 3]

===Battle Info===
Condition: Lose 2 Health Bars (Opponent) [AUTO]
> GSAC ID: 4
Condition: Win via K.O. (Opponent)
> GSAC ID: 43
Condition: Win via K.O.
> GSAC ID: 39
[Changes to Player 1 detected.]
> Add 100% more Health
> Z-Item #1: King Kai's Training
> Z-Item #2: Ultimate Warrior 1
> Z-Item #3: null
> Z-Item #4: null
> Z-Item #5: null
[Changes to Opponent detected.]
> Add 100% more Health
> Z-Item #1: Whis Training
> Z-Item #2: Defense +5
> Z-Item #3: Attack -20
> Z-Item #4: null
> Z-Item #5: null
Event:     Assign Transformation
Character: Super Vegito

[Scene 4]

===Battle Info===
Condition: Lose 5 Health Bars (Opponent) [AUTO]
> GSAC ID: 5
Condition: Win via K.O. (Opponent)
> GSAC ID: 44
Condition: Win via K.O.
> GSAC ID: 39
Event:     Battle Finish

[Scene 5]

===Battle Info===
Condition: Win via K.O.
> GSAC ID: 33
Condition: Win via K.O. (Opponent)
> GSAC ID: 45
[Changes to Player 1 detected.]
> Add 100% more Health
[Changes to Opponent detected.]
> Add 100% more Health
> Z-Item #1: King Kai's Training
> Z-Item #2: Defense -15
> Z-Item #3: null
> Z-Item #4: null
> Z-Item #5: null
> Z-Item #6: null
> Z-Item #7: null
Event:     Aerial Clash

[Scene 30 (Victory)]

===No Battle Info===

[Scene 31 (Victory)]

===No Battle Info===

[Scene 32 (Victory)]

===No Battle Info===

[Scene 33 (Victory)]

===No Battle Info===

[Scene 40 (Defeat)]

===No Battle Info===

[Scene 41 (Defeat)]

===No Battle Info===

[Scene 42 (Defeat)]

===No Battle Info===

[Scene 43 (Defeat)]

===No Battle Info===

[Scene 44 (Defeat)]

===No Battle Info===

[Scene 45 (Defeat)]

===No Battle Info===

[Scene 49 (Placeholder Defeat) - UNUSED]

===No Battle Info===

[Scene 39 (Placeholder Victory)]

===No Battle Info===
