[General Information]
Name: A Dark New Enemy Appears
Saga: Dragon Ball Super Saga

[Rewards]
> Acquired Z-Points (from Easy to Hard)
1000
1500
2000
> Acquired Z-Items
null
null
null
> Acquired Maps
null
null
null
> Acquired Characters
SS2 Trunks (Sword)
Goku Black
null
> Acquired Scenarios
Goku vs Black
null
null

[Battle Settings]
Map: City Ruins - Future
BGM: Dark Half

[Player 1 Team]
> Teammate 1
Character: Goku Black
Costume: 1
Damaged: false
COM Difficulty Level: 0
Strategy Z-Item: Goku Type
Initial Health: 100%
Z-Item #1: King Kai's Training
Z-Item #2: Serious!
Z-Item #3: null
Z-Item #4: null
Z-Item #5: null
Z-Item #6: Dragon Break
Z-Item #7: Vanishing Break

[Opponent Team]
> Teammate 1
Character: Trunks (Sword)
Costume: 3
Damaged: false
COM Difficulty Level: 8
Strategy Z-Item: Majin Buu Type
Initial Health: 100%
Z-Item #1: King Kai's Training
Z-Item #2: null
Z-Item #3: null
Z-Item #4: null
Z-Item #5: null
Z-Item #6: Dragon Break
Z-Item #7: Vanishing Break

> Results
Teammate Count (Player 1): 1
Teammate Count (Opponent): 1

[Scene 0]

===Battle Info===
Condition: Lose 3 Health Bars (Opponent) [AUTO]
> GSAC ID: 1
Condition: Win via K.O. (Opponent)
> GSAC ID: 49
Condition: Win via K.O.
> GSAC ID: 30
Event:     Battle Finish

[Scene 1]
Lower Current BG Music
BG Music:  Soldier's Sorrow

===Battle Info===
Condition: Immediate
> GSAC ID: 2
[Changes to Opponent detected.]
> Add 100% more Health
Event:     Battle Finish

[Scene 2]

===Battle Info===
Condition: Immediate
> GSAC ID: 3
Event:     Assign Transformation (Opponent) [AUTO]
Character: SS1 Trunks (Sword)

[Scene 3]

===Battle Info===
Condition: Lose 3 Health Bars (Opponent) [AUTO]
> GSAC ID: 4
Condition: Win via K.O. (Opponent)
> GSAC ID: 49
Condition: Win via K.O.
> GSAC ID: 30
Event:     Normal Clash (Opponent)

[Scene 4]

===Battle Info===
Condition: Win via K.O. (Opponent)
> GSAC ID: 49
Condition: Win via K.O.
> GSAC ID: 30
[Changes to Player 1 detected.]
> Z-Item #7: Go To Hell
Event:     Trigger Ultimate Blast

[Scene 30 (Victory)]

===No Battle Info===

[Scene 49 (Placeholder Defeat)]

===No Battle Info===

[Scene 39 (Placeholder Victory) - UNUSED]

===No Battle Info===
