[General Information]
Name: The Strongest Warrior Approaches
Saga: Dragon Ball Super Saga

[Rewards]
> Acquired Z-Points (from Easy to Hard)
1500
2000
2500
> Acquired Z-Items
null
null
null
> Acquired Maps
null
null
null
> Acquired Characters
null
null
null
> Acquired Scenarios
Goku Awakens
null
null

[Battle Settings]
Map: Tournament of Power
BGM: Survive

[Player 1 Team]
> Teammate 1
Character: Goku (End)
Costume: 4
Damaged: false
COM Difficulty Level: 0
Strategy Z-Item: Goku Type
Initial Health: 100%
Z-Item #1: Whis Training
Z-Item #2: Attack +8
Z-Item #3: null
Z-Item #4: null
Z-Item #5: null
Z-Item #6: null
Z-Item #7: null

> Teammate 2
Character: Goku (Early)
Costume: 1
Damaged: false
COM Difficulty Level: 0
Strategy Z-Item: Goku Type
Initial Health: 100%
Z-Item #1: Master Roshi's Training
Z-Item #2: Sturdy Clothes
Z-Item #3: null
Z-Item #4: null
Z-Item #5: null
Z-Item #6: null
Z-Item #7: null

[Opponent Team]
> Teammate 1
Character: Jiren
Costume: 1
Damaged: false
COM Difficulty Level: 10
Strategy Z-Item: Goku Type
Initial Health: 100%
Z-Item #1: Whis Training
Z-Item #2: Attack +8
Z-Item #3: null
Z-Item #4: null
Z-Item #5: null
Z-Item #6: null
Z-Item #7: null

> Results
Teammate Count (Player 1): 2
Teammate Count (Opponent): 1

[Scene 0]

[Scene 10]

===Battle Info===
Condition: Wait 20 seconds
> GSAC ID: 1
Condition: Win via K.O.
> GSAC ID: 39
Condition: Win via K.O. (Opponent)
> GSAC ID: 49
[Changes to Opponent detected.]
> Z-Item #7: Absolutely Invincible Body
Event:     Battle Finish

[Scene 1]

[Scene 10]

===Battle Info===
Condition: Wait 15 seconds
> GSAC ID: 2
Condition: Win via K.O.
> GSAC ID: 39
Condition: Win via K.O. (Opponent)
> GSAC ID: 49
Event:     Trigger 1st Blast 2

[Scene 2]

===Battle Info===
Condition: Wait 10 seconds
> GSAC ID: 3
Condition: Win via K.O. (Opponent)
> GSAC ID: 49
Condition: Win via K.O.
> GSAC ID: 39
Condition: Win via K.O. (Opponent)
> GSAC ID: 49
Event:     Assign Transformation
Character: SS1 Goku (End)

[Scene 3]

===Battle Info===
Condition: Wait 30 seconds
> GSAC ID: 4
Condition: Win via K.O. (Opponent)
> GSAC ID: 49
Condition: Win via K.O.
> GSAC ID: 39
Event:     Assign Transformation
Character: SS2 Goku (End)

[Scene 4]

===Battle Info===
Condition: Lose 1 Health Bar (Opponent) [AUTO]
> GSAC ID: 5
Condition: Win via K.O. (Opponent)
> GSAC ID: 49
Condition: Win via K.O.
> GSAC ID: 39
[Changes to Opponent detected.]
> Z-Item #7: Defense +15
Event:     Assign Transformation
Character: SSG Goku

[Scene 5]

===Battle Info===
Condition: Immediate
> GSAC ID: 6
Condition: Win via K.O. (Opponent)
> GSAC ID: 49
Condition: Win via K.O.
> GSAC ID: 39
Event:     Assign Transformation
Character: Goku (End)

[Scene 6]
Lower Current BG Music
BG Music:  Crisis

===Battle Info===
Condition: Win via K.O. (Opponent)
> GSAC ID: 49
Condition: Lose 5 Health Bars (Opponent) [AUTO]
> GSAC ID: 7
Condition: Win via K.O.
> GSAC ID: 39
[Changes to Player 1 detected.]
> Add 100% more Health
[Changes to Opponent detected.]
> Add 100% more Health
Event:     Assign Transformation
Character: SSB Goku

[Scene 7]
Lower Current BG Music
BG Music:  Katharsis

===Battle Info===
Condition: Win via K.O. (Opponent)
> GSAC ID: 8
Condition: Win via K.O.
> GSAC ID: 39
[Changes to Opponent detected.]
> Add 100% more Health
> Z-Item #7: Go To Hell
Event:     Trigger 1st Blast 2 (Opponent) [AUTO]

[Scene 8]

===Battle Info===
Condition: Lose 4 Health Bars (Opponent) [AUTO]
> GSAC ID: 10
Condition: Win via K.O. (Opponent)
> GSAC ID: 49
Condition: Win via K.O.
> GSAC ID: 39
[Changes to Player 1 detected.]
> Add 100% more Health
[Changes to Opponent detected.]
> Z-Item #7: null
Event:     Trigger 2nd Blast 1

[Scene 10]

===Battle Info===
Condition: Wait 10 seconds
> GSAC ID: 12
Condition: Win via K.O. (Opponent)
> GSAC ID: 49
Condition: Win via K.O.
> GSAC ID: 39
[Changes to Opponent detected.]
> Z-Item #7: Absolutely Invincible Body
Event:     Assign Transformation (Opponent) [AUTO]

[Scene 12]

===Battle Info===
Condition: Immediate
> GSAC ID: 11
Condition: Win via K.O. (Opponent)
> GSAC ID: 49
Condition: Win via K.O.
> GSAC ID: 39
Event:     Assign Transformation
Character: Goku (End)

[Scene 11]
Lower Current BG Music
BG Music:  Just a Hero

===Battle Info===
Condition: Win via K.O. (Opponent)
> GSAC ID: 49
Condition: Win via K.O.
> GSAC ID: 30
[Changes to Player 1 detected.]
> Z-Item #7: Go To Hell
[Changes to Opponent detected.]
> Z-Item #7: null
Event:     Trigger Ultimate Blast

[Scene 30 (Victory)]

[Scene 10]
Lower Current BG Music

===No Battle Info===

[Scene 39 (Placeholder Victory)]

===No Battle Info===

[Scene 49 (Placeholder Defeat)]

===No Battle Info===
