[General Information]
Name: Dream Match: Goku Vs. Arale
Saga: Dragon Ball Saga

[Rewards]
> Acquired Z-Points (from Easy to Hard)
1000
1500
2000
> Acquired Z-Items
null
null
null
> Acquired Maps
Penguin Village - Noon
null
null
> Acquired Characters
Tao Pai Pai
null
null
> Acquired Scenarios
Goku Strikes Back
null
null

[Battle Settings]
Map: Wasteland - Evening
BGM: Evolution

[Player 1 Team]
> Teammate 1
Character: Kid Goku
Costume: 1
Damaged: false
COM Difficulty Level: 0
Strategy Z-Item: Goku Type
Initial Health: 100%
Z-Item #1: Master Roshi's Training
Z-Item #2: null
Z-Item #3: null
Z-Item #4: null
Z-Item #5: null
Z-Item #6: Dragon Break
Z-Item #7: Vanishing Break

[Opponent Team]
> Teammate 1
Character: Tao Pai Pai
Costume: 1
Damaged: false
COM Difficulty Level: 8
Strategy Z-Item: Broly Type
Initial Health: 100%
Z-Item #1: Attack -15
Z-Item #2: Defense +20
Z-Item #3: King Kai's Training
Z-Item #4: null
Z-Item #5: null
Z-Item #6: Dragon Break
Z-Item #7: Vanishing Break

> Results
Teammate Count (Player 1): 1
Teammate Count (Opponent): 1

[Scene 0]

===Battle Info===
Condition: Lose 2 Health Bars (Opponent) [AUTO]
> GSAC ID: 2
Condition: Win via K.O. (Opponent)
> GSAC ID: 40
Condition: Win via K.O.
> GSAC ID: 30
Event:     Battle Finish

[Scene 1 - UNUSED]

===Battle Info===
Condition: Lose 3 Health Bars (Opponent) [AUTO]
> GSAC ID: 2
Condition: Win via K.O. (Opponent)
> GSAC ID: 41
[Changes to Player 1 detected.]
> Set current Health to 100%
> Add 100% more Health
Event:     Battle Finish

[Scene 2]

===Battle Info===
Condition: Win via K.O.
> GSAC ID: 30
Condition: Win via K.O. (Opponent)
> GSAC ID: 41
Condition: Lose 3 Health Bars (Opponent) [AUTO]
> GSAC ID: 3
[Changes to Player 1 detected.]
> Add 100% more Health
[Changes to Opponent detected.]
> Add 100% more Health
Event:     Normal Clash

[Scene 3]

===Battle Info===
Condition: Win via K.O.
> GSAC ID: 30
Condition: Win via K.O. (Opponent)
> GSAC ID: 41
[Changes to Opponent detected.]
> Z-Item #2: Defense -20
> Z-Item #3: Attack -24
> Z-Item #4: null
> Z-Item #5: null
> Z-Item #6: null
> Z-Item #7: null
Event:     Trigger Ultimate Blast (Opponent) [AUTO]

[Scene 30 (Victory)]

===No Battle Info===

[Scene 40 (Defeat)]

===No Battle Info===

[Scene 41 (Defeat)]

===No Battle Info===

[Scene 42 (Defeat) - UNUSED]

===No Battle Info===

[Scene 49 (Placeholder Defeat) - UNUSED]

===No Battle Info===

[Scene 39 (Placeholder Victory) - UNUSED]

===No Battle Info===
