[General Information]
Name: Ultimate Decisive Battle
Saga: Saiyan Saga

[Rewards]
> Acquired Z-Points (from Easy to Hard)
1500
2000
2500
> Acquired Z-Items
null
null
null
> Acquired Maps
null
null
null
> Acquired Characters
Great Ape Vegeta
null
null
> Acquired Scenarios
Super Saiyan?!
null
null

[Battle Settings]
Map: Rocky Area - Noon
BGM: The Battle with All My Force

[Player 1 Team]
> Teammate 1
Character: Goku (Early)
Costume: 1
Damaged: false
COM Difficulty Level: 0
Strategy Z-Item: Goku Type
Initial Health: 100%
Z-Item #1: King Kai's Training
Z-Item #2: Dragon Crush
Z-Item #3: Vanishing Rush
Z-Item #4: null
Z-Item #5: null
Z-Item #6: null
Z-Item #7: null

[Opponent Team]
> Teammate 1
Character: Vegeta (Scouter)
Costume: 1
Damaged: false
COM Difficulty Level: 8
Strategy Z-Item: Tien Type
Initial Health: 100%
Z-Item #1: King Kai's Training
Z-Item #2: Defense +25
Z-Item #3: null
Z-Item #4: null
Z-Item #5: null
Z-Item #6: Dragon Crush
Z-Item #7: Vanishing Rush

> Results
Teammate Count (Player 1): 1
Teammate Count (Opponent): 1

[Scene 0]

===Battle Info===
Condition: Lose 2 Health Bars (Opponent) [AUTO]
> GSAC ID: 1
Condition: Win via K.O. (Opponent)
> GSAC ID: 40
Condition: Win via K.O.
> GSAC ID: 30
Event:     Battle Finish

[Scene 1]

===Battle Info===
Condition: Lose 4 Health Bars (Opponent) [AUTO]
> GSAC ID: 2
Condition: Win via K.O. (Opponent)
> GSAC ID: 41
Condition: Win via K.O.
> GSAC ID: 30
Event:     Beam Struggle between Player 1's 1st Blast 2 and COM's 1st Blast 2

[Scene 2]

===Battle Info===
Condition: Immediate
> GSAC ID: 3
Event:     Assign Transformation (Opponent) [AUTO]
Character: Great Ape Vegeta

[Scene 3]
Lower Current BG Music
BG Music:  Final Disturbance

===Battle Info===
Condition: Win via K.O. (Opponent)
> GSAC ID: 42
Condition: Win via K.O.
> GSAC ID: 31
Condition: Wait 35 seconds
> GSAC ID: 4
[Changes to Player 1 detected.]
> Add 20% more Health
> Z-Item #4: Serious!
[Changes to Opponent detected.]
> Set COM Difficulty Level to 6
> Add 100% more Health
> Z-Item #1: null
> Z-Item #2: Attack +0
> Z-Item #3: Defense -10
> Z-Item #4: null
> Z-Item #5: null
> Z-Item #6: null
> Z-Item #7: null
Event:     Battle Finish

[Scene 4]

===Battle Info===
Condition: Win via K.O. (Opponent)
> GSAC ID: 42
Condition: Win via K.O.
> GSAC ID: 31
Event:     Aerial Clash

[Scene 30 (Victory)]

===No Battle Info===

[Scene 31 (Victory)]

===No Battle Info===

[Scene 40 (Defeat)]

===No Battle Info===

[Scene 41 (Defeat)]

===No Battle Info===

[Scene 42 (Defeat)]

===No Battle Info===

[Scene 49 (Placeholder Defeat) - UNUSED]

===No Battle Info===

[Scene 39 (Placeholder Victory) - UNUSED]

===No Battle Info===
